2025-03-08 20:26:35.730 [info] [main] Log level: Info
2025-03-08 20:26:35.730 [info] [main] Validating found git in: "git"
2025-03-08 20:26:35.730 [info] [main] Using git "2.43.0" from "git"
2025-03-08 20:26:35.730 [info] [Model][doInitialScan] Initial repository scan started
2025-03-08 20:26:35.730 [info] > git rev-parse --show-toplevel [5ms]
2025-03-08 20:26:35.730 [info] fatal: not a git repository (or any of the parent directories): .git
2025-03-08 20:26:35.730 [info] > git rev-parse --show-toplevel [3ms]
2025-03-08 20:26:35.730 [info] fatal: not a git repository (or any of the parent directories): .git
2025-03-08 20:26:35.730 [info] > git rev-parse --show-toplevel [3ms]
2025-03-08 20:26:35.730 [info] fatal: not a git repository (or any of the parent directories): .git
2025-03-08 20:26:35.730 [info] > git rev-parse --show-toplevel [2ms]
2025-03-08 20:26:35.730 [info] fatal: not a git repository (or any of the parent directories): .git
2025-03-08 20:26:35.730 [info] > git rev-parse --show-toplevel [3ms]
2025-03-08 20:26:35.730 [info] fatal: not a git repository (or any of the parent directories): .git
2025-03-08 20:26:35.730 [info] > git rev-parse --show-toplevel [2ms]
2025-03-08 20:26:35.730 [info] fatal: not a git repository (or any of the parent directories): .git
2025-03-08 20:26:35.730 [info] > git rev-parse --show-toplevel [2ms]
2025-03-08 20:26:35.730 [info] fatal: not a git repository (or any of the parent directories): .git
2025-03-08 20:26:35.730 [info] > git rev-parse --show-toplevel [2ms]
2025-03-08 20:26:35.730 [info] fatal: not a git repository (or any of the parent directories): .git
2025-03-08 20:26:35.730 [info] > git rev-parse --show-toplevel [2ms]
2025-03-08 20:26:35.730 [info] fatal: not a git repository (or any of the parent directories): .git
2025-03-08 20:26:35.730 [info] [Model][doInitialScan] Initial repository scan completed - repositories (0), closed repositories (0), parent repositories (0), unsafe repositories (0)
2025-03-08 20:26:36.918 [info] > git rev-parse --show-toplevel [5ms]
2025-03-08 20:26:36.918 [info] fatal: not a git repository (or any of the parent directories): .git
2025-03-08 20:26:37.959 [info] > git rev-parse --show-toplevel [2ms]
2025-03-08 20:26:37.959 [info] fatal: not a git repository (or any of the parent directories): .git
2025-03-08 20:27:43.852 [info] > git rev-parse --show-toplevel [5ms]
2025-03-08 20:27:43.852 [info] fatal: not a git repository (or any of the parent directories): .git
2025-03-08 20:32:35.812 [info] > git init -b main [19ms]
2025-03-08 20:32:35.819 [info] > git rev-parse --show-toplevel [2ms]
2025-03-08 20:32:35.826 [info] > git rev-parse --git-dir --git-common-dir [3ms]
2025-03-08 20:32:35.846 [info] [Model][openRepository] Opened repository: /root
2025-03-08 20:32:35.863 [info] [Git][getRemotes] No remotes found in the git config file
2025-03-08 20:32:35.865 [info] > git config --get commit.template [10ms]
2025-03-08 20:32:35.867 [info] > git for-each-ref --format=%(refname)%00%(upstream:short)%00%(objectname)%00%(upstream:track)%00%(upstream:remotename)%00%(upstream:remoteref) refs/heads/main refs/remotes/main [6ms]
2025-03-08 20:32:35.868 [warning] [Git][getBranch] No such branch: main
2025-03-08 20:32:35.905 [info] > git for-each-ref --sort -committerdate --format %(refname) %(objectname) %(*objectname) [13ms]
2025-03-08 20:32:35.940 [info] > git status -z -uall [65ms]
2025-03-08 20:32:36.999 [info] > git for-each-ref --format=%(refname)%00%(upstream:short)%00%(objectname)%00%(upstream:track)%00%(upstream:remotename)%00%(upstream:remoteref) refs/heads/main refs/remotes/main [875ms]
2025-03-08 20:32:36.999 [warning] [Git][getBranch] No such branch: main
2025-03-08 20:32:37.000 [error] [GitHistoryProvider][resolveHEADMergeBase] Failed to resolve merge base for main: Error: No such branch: main.
2025-03-08 20:32:37.007 [info] > git config --get commit.template [32ms]
2025-03-08 20:32:37.013 [info] [Git][getRemotes] No remotes found in the git config file
2025-03-08 20:32:37.019 [info] > git for-each-ref --format=%(refname)%00%(upstream:short)%00%(objectname)%00%(upstream:track)%00%(upstream:remotename)%00%(upstream:remoteref) refs/heads/main refs/remotes/main [6ms]
2025-03-08 20:32:37.020 [warning] [Git][getBranch] No such branch: main
2025-03-08 20:32:37.047 [info] > git for-each-ref --sort -committerdate --format %(refname) %(objectname) %(*objectname) [10ms]
2025-03-08 20:32:37.083 [info] > git status -z -uall [59ms]
2025-03-08 20:32:37.828 [info] > git log --format=%H%n%aN%n%aE%n%at%n%ct%n%P%n%D%n%B -z --shortstat --diff-merges=first-parent -n50 --skip=0 --topo-order --decorate=full --stdin [15ms]
2025-03-08 20:32:37.828 [info] fatal: bad revision 'refs/heads/main'
2025-03-08 20:32:37.828 [error] [GitHistoryProvider][provideHistoryItems] Failed to get history items with options '{"historyItemRefs":["refs/heads/main"],"limit":50,"skip":0}': Failed to execute git {
  "exitCode": 128,
  "gitCommand": "log",
  "stdout": "",
  "stderr": "fatal: bad revision 'refs/heads/main'\n"
}
2025-03-08 20:32:38.315 [info] > git check-ignore -v -z --stdin [3ms]
